Build started 10/14/2014 7:59:04 PM.
     1>Project "C:\Users\Shiva\documents\visual studio 2013\Projects\ConsoleApplication1\ConsoleApplication1\ConsoleApplication1.vcxproj" on node 2 (Build target(s)).
     1>ClCompile:
         D:\Program Files\VC\bin\CL.exe /c /Zi /nologo /W3 /WX- /sdl /O2 /Oi /Oy- /GL /D WIN32 /D NDEBUG /D _CONSOLE /D _LIB /D _UNICODE /D UNICODE /Gm- /EHsc /MD /GS /Gy /fp:precise /Zc:wchar_t /Zc:forScope /Fo"Release\\" /Fd"Release\vc120.pdb" /Gd /TC /analyze- /errorReport:prompt main.c
         main.c
     1>main.c(66): warning C4033: 'layout_get_position_for_name' must return a value
     1>main.c(73): warning C4047: 'function' : 'int' differs in levels of indirection from 'const char *'
     1>main.c(73): warning C4024: 'layout_get_position_for_id' : different types for formal and actual parameter 2
     1>main.c(74): warning C4047: '==' : 'int' differs in levels of indirection from 'void *'
     1>main.c(77): warning C4047: 'function' : 'int' differs in levels of indirection from 'const char *'
     1>main.c(77): warning C4024: 'layout_get_position_for_id' : different types for formal and actual parameter 2
     1>main.c(89): warning C4033: 'layout_get_position_for_id' must return a value
     1>main.c(97): warning C4047: '==' : 'int' differs in levels of indirection from 'void *'
       Link:
         D:\Program Files\VC\bin\link.exe /ERRORREPORT:PROMPT /OUT:"C:\Users\Shiva\documents\visual studio 2013\Projects\ConsoleApplication1\Release\ConsoleApplication1.exe" /INCREMENTAL:NO /NOLOGO kernel32.lib user32.lib gdi32.lib winspool.lib comdlg32.lib advapi32.lib shell32.lib ole32.lib oleaut32.lib uuid.lib odbc32.lib odbccp32.lib /MANIFEST /MANIFESTUAC:"level='asInvoker' uiAccess='false'" /manifest:embed /DEBUG /PDB:"C:\Users\Shiva\documents\visual studio 2013\Projects\ConsoleApplication1\Release\ConsoleApplication1.pdb" /SUBSYSTEM:CONSOLE /OPT:REF /OPT:ICF /LTCG /TLBID:1 /DYNAMICBASE /NXCOMPAT /IMPLIB:"C:\Users\Shiva\documents\visual studio 2013\Projects\ConsoleApplication1\Release\ConsoleApplication1.lib" /MACHINE:X86 /SAFESEH Release\main.obj
         Generating code
         Finished generating code
         ConsoleApplication1.vcxproj -> C:\Users\Shiva\documents\visual studio 2013\Projects\ConsoleApplication1\Release\ConsoleApplication1.exe
     1>Done Building Project "C:\Users\Shiva\documents\visual studio 2013\Projects\ConsoleApplication1\ConsoleApplication1\ConsoleApplication1.vcxproj" (Build target(s)).

Build succeeded.

Time Elapsed 00:00:00.38
